<?xml version="1.0" encoding="UTF-8"?>
<coverage generated="1474337878868" clover="3.2.0">
  <project timestamp="1474337878869" name="All files">
    <metrics statements="15" coveredstatements="14" conditionals="8" coveredconditionals="6" methods="6" coveredmethods="6" elements="29" coveredelements="26" complexity="0" loc="15" ncloc="15" packages="4" files="4" classes="4">
      <package name="components.CenterImage">
        <metrics statements="6" coveredstatements="5" conditionals="4" coveredconditionals="3" methods="3" coveredmethods="3"/>
        <file name="CenterImage.js" path="/Users/nlaffey/git/nick-laffey-videos/src/components/CenterImage/CenterImage.js">
          <metrics statements="6" coveredstatements="5" conditionals="4" coveredconditionals="3" methods="3" coveredmethods="3"/>
          <line num="6" count="3" type="stmt"/>
          <line num="7" count="2" type="stmt"/>
          <line num="12" count="1" type="stmt"/>
          <line num="13" count="0" type="stmt"/>
          <line num="15" count="1" type="stmt"/>
          <line num="20" count="1" type="stmt"/>
        </file>
      </package>
      <package name="components.Navigation">
        <metrics statements="1" coveredstatements="1" conditionals="0" coveredconditionals="0" methods="1" coveredmethods="1"/>
        <file name="Navigation.js" path="/Users/nlaffey/git/nick-laffey-videos/src/components/Navigation/Navigation.js">
          <metrics statements="1" coveredstatements="1" conditionals="0" coveredconditionals="0" methods="1" coveredmethods="1"/>
          <line num="6" count="1" type="stmt"/>
        </file>
      </package>
      <package name="components.Videos">
        <metrics statements="7" coveredstatements="7" conditionals="4" coveredconditionals="3" methods="2" coveredmethods="2"/>
        <file name="VideoInfo.js" path="/Users/nlaffey/git/nick-laffey-videos/src/components/Videos/VideoInfo.js">
          <metrics statements="7" coveredstatements="7" conditionals="4" coveredconditionals="3" methods="2" coveredmethods="2"/>
          <line num="6" count="5" type="stmt"/>
          <line num="7" count="2" type="stmt"/>
          <line num="9" count="3" type="stmt"/>
          <line num="14" count="3" type="stmt"/>
          <line num="16" count="3" type="stmt"/>
          <line num="17" count="3" type="stmt"/>
          <line num="26" count="3" type="stmt"/>
        </file>
      </package>
      <package name="mock">
        <metrics statements="1" coveredstatements="1" conditionals="0" coveredconditionals="0" methods="0" coveredmethods="0"/>
        <file name="fileMock.js" path="/Users/nlaffey/git/nick-laffey-videos/src/mock/fileMock.js">
          <metrics statements="1" coveredstatements="1" conditionals="0" coveredconditionals="0" methods="0" coveredmethods="0"/>
          <line num="2" count="3" type="stmt"/>
        </file>
      </package>
    </metrics>
  </project>
</coverage>
