{"/Users/nlaffey/git/nick-laffey-videos/src/components/CenterImage/CenterImage.js": {"path":"/Users/nlaffey/git/nick-laffey-videos/src/components/CenterImage/CenterImage.js","statementMap":{"0":{"start":{"line":6,"column":8},"end":{"line":8,"column":9}},"1":{"start":{"line":7,"column":12},"end":{"line":7,"column":59}},"2":{"start":{"line":12,"column":8},"end":{"line":16,"column":9}},"3":{"start":{"line":13,"column":12},"end":{"line":13,"column":54}},"4":{"start":{"line":15,"column":12},"end":{"line":15,"column":42}},"5":{"start":{"line":20,"column":8},"end":{"line":24,"column":14}}},"fnMap":{"0":{"name":"(anonymous_0)","decl":{"start":{"line":5,"column":4},"end":{"line":5,"column":5}},"loc":{"start":{"line":5,"column":25},"end":{"line":9,"column":5}}},"1":{"name":"(anonymous_1)","decl":{"start":{"line":11,"column":4},"end":{"line":11,"column":5}},"loc":{"start":{"line":11,"column":13},"end":{"line":17,"column":5}}},"2":{"name":"(anonymous_2)","decl":{"start":{"line":19,"column":4},"end":{"line":19,"column":5}},"loc":{"start":{"line":19,"column":13},"end":{"line":25,"column":5}}}},"branchMap":{"0":{"loc":{"start":{"line":6,"column":8},"end":{"line":8,"column":9}},"type":"if","locations":[{"start":{"line":6,"column":8},"end":{"line":8,"column":9}},{"start":{"line":6,"column":8},"end":{"line":8,"column":9}}]},"1":{"loc":{"start":{"line":12,"column":8},"end":{"line":16,"column":9}},"type":"if","locations":[{"start":{"line":12,"column":8},"end":{"line":16,"column":9}},{"start":{"line":12,"column":8},"end":{"line":16,"column":9}}]}},"s":{"0":3,"1":2,"2":1,"3":0,"4":1,"5":1},"f":{"0":3,"1":1,"2":1},"b":{"0":[2,1],"1":[0,1]},"hash":"5d25a028f87a173c311ba4377a7ddcc958fa13f8"}
,"/Users/nlaffey/git/nick-laffey-videos/src/components/Navigation/Navigation.js": {"path":"/Users/nlaffey/git/nick-laffey-videos/src/components/Navigation/Navigation.js","statementMap":{"0":{"start":{"line":6,"column":8},"end":{"line":22,"column":14}}},"fnMap":{"0":{"name":"(anonymous_0)","decl":{"start":{"line":5,"column":4},"end":{"line":5,"column":5}},"loc":{"start":{"line":5,"column":13},"end":{"line":23,"column":5}}}},"branchMap":{},"s":{"0":1},"f":{"0":1},"b":{},"hash":"917e9cdf8f613320518760808ae27c32c1f000e7"}
,"/Users/nlaffey/git/nick-laffey-videos/src/components/Videos/VideoInfo.js": {"path":"/Users/nlaffey/git/nick-laffey-videos/src/components/Videos/VideoInfo.js","statementMap":{"0":{"start":{"line":6,"column":8},"end":{"line":10,"column":9}},"1":{"start":{"line":7,"column":12},"end":{"line":7,"column":43}},"2":{"start":{"line":9,"column":12},"end":{"line":9,"column":24}},"3":{"start":{"line":14,"column":19},"end":{"line":14,"column":39}},"4":{"start":{"line":14,"column":48},"end":{"line":14,"column":65}},"5":{"start":{"line":16,"column":8},"end":{"line":24,"column":9}},"6":{"start":{"line":17,"column":12},"end":{"line":23,"column":17}},"7":{"start":{"line":26,"column":8},"end":{"line":28,"column":14}}},"fnMap":{"0":{"name":"(anonymous_0)","decl":{"start":{"line":5,"column":4},"end":{"line":5,"column":5}},"loc":{"start":{"line":5,"column":31},"end":{"line":11,"column":5}}},"1":{"name":"(anonymous_1)","decl":{"start":{"line":13,"column":4},"end":{"line":13,"column":5}},"loc":{"start":{"line":13,"column":13},"end":{"line":30,"column":5}}}},"branchMap":{"0":{"loc":{"start":{"line":6,"column":8},"end":{"line":10,"column":9}},"type":"if","locations":[{"start":{"line":6,"column":8},"end":{"line":10,"column":9}},{"start":{"line":6,"column":8},"end":{"line":10,"column":9}}]},"1":{"loc":{"start":{"line":16,"column":8},"end":{"line":24,"column":9}},"type":"if","locations":[{"start":{"line":16,"column":8},"end":{"line":24,"column":9}},{"start":{"line":16,"column":8},"end":{"line":24,"column":9}}]}},"s":{"0":5,"1":2,"2":3,"3":3,"4":3,"5":3,"6":3,"7":3},"f":{"0":5,"1":3},"b":{"0":[2,3],"1":[3,0]},"hash":"c498fae6dfe04c525b12c3e9f93649eab17f612e"}
,"/Users/nlaffey/git/nick-laffey-videos/src/mock/fileMock.js": {"path":"/Users/nlaffey/git/nick-laffey-videos/src/mock/fileMock.js","statementMap":{"0":{"start":{"line":2,"column":0},"end":{"line":2,"column":34}}},"fnMap":{},"branchMap":{},"s":{"0":3},"f":{},"b":{},"hash":"d7e9a75a718bee925f26978a070bc40a412bb745"}
}
