TN:
SF:/Users/nlaffey/git/nick-laffey-videos/src/components/CenterImage/CenterImage.js
FN:5,(anonymous_0)
FN:11,(anonymous_1)
FN:19,(anonymous_2)
FNF:3
FNH:3
FNDA:3,(anonymous_0)
FNDA:1,(anonymous_1)
FNDA:1,(anonymous_2)
DA:6,3
DA:7,2
DA:12,1
DA:13,0
DA:15,1
DA:20,1
LF:6
LH:5
BRDA:6,0,0,2
BRDA:6,0,1,1
BRDA:12,1,0,0
BRDA:12,1,1,1
BRF:4
BRH:3
end_of_record
TN:
SF:/Users/nlaffey/git/nick-laffey-videos/src/components/Navigation/Navigation.js
FN:5,(anonymous_0)
FNF:1
FNH:1
FNDA:1,(anonymous_0)
DA:6,1
LF:1
LH:1
BRF:0
BRH:0
end_of_record
TN:
SF:/Users/nlaffey/git/nick-laffey-videos/src/components/Videos/VideoInfo.js
FN:5,(anonymous_0)
FN:13,(anonymous_1)
FNF:2
FNH:2
FNDA:5,(anonymous_0)
FNDA:3,(anonymous_1)
DA:6,5
DA:7,2
DA:9,3
DA:14,3
DA:16,3
DA:17,3
DA:26,3
LF:7
LH:7
BRDA:6,0,0,2
BRDA:6,0,1,3
BRDA:16,1,0,3
BRDA:16,1,1,0
BRF:4
BRH:3
end_of_record
TN:
SF:/Users/nlaffey/git/nick-laffey-videos/src/mock/fileMock.js
FNF:0
FNH:0
DA:2,3
LF:1
LH:1
BRF:0
BRH:0
end_of_record
